<?xml version="1.0" encoding="UTF-8"?>
<!-- Generated by org.testng.reporters.JUnitReportReporter -->
<testsuite hostname="Aseel_Masri" failures="0" tests="1" name="test" time="5.937" errors="0" timestamp="2024-05-13T14:59:16 EEST" skipped="0">
  <testcase classname="test" name="searchTest" time="5.937"/>
  <system-out/>
</testsuite> <!-- test -->
