<?xml version="1.0" encoding="UTF-8"?>
<!-- Generated by org.testng.reporters.JUnitReportReporter -->
<testsuite hostname="Aseel_Masri" failures="0" tests="1" name="tests.test" time="2.483" errors="0" timestamp="2024-05-13T15:30:34 EEST" skipped="0">
  <testcase classname="tests.test" name="searchTest" time="2.483"/>
  <system-out/>
</testsuite> <!-- tests.test -->
